UF: AC
----------------------------------------------
--
************ Beneficiário com a maior parcela ************
NIS_Favorecido: 23692693288
NOME_FAVORECIDO: ANGELINA MEME MONTEZA YINE
VALOR_PARCELA: 1070.0
NOME_MUNICIPIO: ASSIS BRASIL
UF: AC
----------------------------------------------
--
************ Beneficiário com a maior parcela ************
NIS_Favorecido: 23654268710
NOME_FAVORECIDO: JOSE CLARO SANTIAGO
VALOR_PARCELA: 1158.0
NOME_MUNICIPIO: CAPIXABA
UF: AC
----------------------------------------------
--
************ Beneficiário com a maior parcela ************
NIS_Favorecido: 21201695084
NOME_FAVORECIDO: ANTONIA LOBATO MARTINS
VALOR_PARCELA: 1292.0
NOME_MUNICIPIO: CRUZEIRO DO SUL
UF: AC
----------------------------------------------
--
************ Beneficiário com a maior parcela ************
NIS_Favorecido: 16223162562
NOME_FAVORECIDO: GADIE PEREIRA DE ARAUJO
VALOR_PARCELA: 1426.0
NOME_MUNICIPIO: CRUZEIRO DO SUL
UF: AC
----------------------------------------------
--
************ Beneficiário com a maior parcela ************
NIS_Favorecido: 12445306797
NOME_FAVORECIDO: CEZANILDO ABREU DE SOUSA
VALOR_PARCELA: 1447.0
NOME_MUNICIPIO: AQUIRAZ
UF: CE
----------------------------------------------
--
************ Beneficiário com a maior parcela ************
NIS_Favorecido: 13495158897
NOME_FAVORECIDO: ROMAX LEITE TEIXEIRA
VALOR_PARCELA: 1782.0
NOME_MUNICIPIO: PERITORO
UF: MA
----------------------------------------------
