***************Início - Resumo por UF***************
RR - Valor total parcelas: 9834124.0, Beneficiários: 47497
RS - Valor total parcelas: 6.0279755E7, Beneficiários: 354490
PR - Valor total parcelas: 5.8999954E7, Beneficiários: 365991
DF - Valor total parcelas: 1.2013474E7, Beneficiários: 69504
SC - Valor total parcelas: 2.0459175E7, Beneficiários: 117985
SE - Valor total parcelas: 4.8884806E7, Beneficiários: 288139
MA - Valor total parcelas: 2.07647756E8, Beneficiários: 972903
MG - Valor total parcelas: 1.83706287E8, Beneficiários: 1029564
SP - Valor total parcelas: 1.84957052E8, Beneficiários: 1070954
CE - Valor total parcelas: 1.96867247E8, Beneficiários: 1055270
AC - Valor total parcelas: 2.3694601E7, Beneficiários: 89161
MS - Valor total parcelas: 2.2151085E7, Beneficiários: 124838
MT - Valor total parcelas: 2.5909348E7, Beneficiários: 156319
GO - Valor total parcelas: 4.6587782E7, Beneficiários: 298106
AL - Valor total parcelas: 7.8066841E7, Beneficiários: 406587
AM - Valor total parcelas: 9.2300219E7, Beneficiários: 403149
ES - Valor total parcelas: 3.0538232E7, Beneficiários: 177185
AP - Valor total parcelas: 1.6851337E7, Beneficiários: 76075
PA - Valor total parcelas: 1.92441296E8, Beneficiários: 961231
PB - Valor total parcelas: 1.0371451E8, Beneficiários: 517771
PE - Valor total parcelas: 2.11486438E8, Beneficiários: 1161552
RJ - Valor total parcelas: 1.54621541E8, Beneficiários: 852098
PI - Valor total parcelas: 9.3796821E7, Beneficiários: 449697
TO - Valor total parcelas: 117670.0, Beneficiários: 790
RN - Valor total parcelas: 6.5341029E7, Beneficiários: 353736
RO - Valor total parcelas: 1.2118141E7, Beneficiários: 79434
BA - Valor total parcelas: 3.38579562E8, Beneficiários: 1821119

***************Fim - Resumo por UF***************

***************Início - Resumo por UF***************
RR - Valor total parcelas: 9834124.0, Beneficiários: 47497
RS - Valor total parcelas: 6.0279755E7, Beneficiários: 354490
PR - Valor total parcelas: 5.8999954E7, Beneficiários: 365991
DF - Valor total parcelas: 1.2013474E7, Beneficiários: 69504
SC - Valor total parcelas: 2.0459175E7, Beneficiários: 117985
SE - Valor total parcelas: 4.8884806E7, Beneficiários: 288139
MA - Valor total parcelas: 2.07647756E8, Beneficiários: 972903
MG - Valor total parcelas: 1.83706287E8, Beneficiários: 1029564
SP - Valor total parcelas: 1.84957232E8, Beneficiários: 1070955
CE - Valor total parcelas: 1.96867247E8, Beneficiários: 1055270
AC - Valor total parcelas: 2.3694601E7, Beneficiários: 89161
MS - Valor total parcelas: 2.2151085E7, Beneficiários: 124838
MT - Valor total parcelas: 2.5909348E7, Beneficiários: 156319
GO - Valor total parcelas: 4.6587782E7, Beneficiários: 298106
AL - Valor total parcelas: 7.8066841E7, Beneficiários: 406587
AM - Valor total parcelas: 9.2300219E7, Beneficiários: 403149
ES - Valor total parcelas: 3.0538232E7, Beneficiários: 177185
AP - Valor total parcelas: 1.6851337E7, Beneficiários: 76075
PA - Valor total parcelas: 1.92441296E8, Beneficiários: 961231
PB - Valor total parcelas: 1.0371451E8, Beneficiários: 517771
PE - Valor total parcelas: 2.11486438E8, Beneficiários: 1161552
RJ - Valor total parcelas: 1.54621541E8, Beneficiários: 852098
PI - Valor total parcelas: 9.3796821E7, Beneficiários: 449697
TO - Valor total parcelas: 117670.0, Beneficiários: 790
RN - Valor total parcelas: 6.5341029E7, Beneficiários: 353736
RO - Valor total parcelas: 1.2118141E7, Beneficiários: 79434
BA - Valor total parcelas: 3.38579562E8, Beneficiários: 1821119

***************Fim - Resumo por UF***************

***************Início - Resumo por UF***************
RR - Valor total parcelas: 9834124.0, Beneficiários: 47497
RS - Valor total parcelas: 6.0279755E7, Beneficiários: 354490
PR - Valor total parcelas: 5.8999954E7, Beneficiários: 365991
DF - Valor total parcelas: 1.2013474E7, Beneficiários: 69504
SC - Valor total parcelas: 2.0459175E7, Beneficiários: 117985
SE - Valor total parcelas: 4.8884806E7, Beneficiários: 288139
MA - Valor total parcelas: 2.07647756E8, Beneficiários: 972903
MG - Valor total parcelas: 1.83706287E8, Beneficiários: 1029564
SP - Valor total parcelas: 1.84957403E8, Beneficiários: 1070956
CE - Valor total parcelas: 1.96867247E8, Beneficiários: 1055270
AC - Valor total parcelas: 2.3694601E7, Beneficiários: 89161
MS - Valor total parcelas: 2.2151085E7, Beneficiários: 124838
MT - Valor total parcelas: 2.5909348E7, Beneficiários: 156319
GO - Valor total parcelas: 4.6587782E7, Beneficiários: 298106
AL - Valor total parcelas: 7.8066841E7, Beneficiários: 406587
AM - Valor total parcelas: 9.2300219E7, Beneficiários: 403149
ES - Valor total parcelas: 3.0538232E7, Beneficiários: 177185
AP - Valor total parcelas: 1.6851337E7, Beneficiários: 76075
PA - Valor total parcelas: 1.92441296E8, Beneficiários: 961231
PB - Valor total parcelas: 1.0371451E8, Beneficiários: 517771
PE - Valor total parcelas: 2.11486438E8, Beneficiários: 1161552
RJ - Valor total parcelas: 1.54621541E8, Beneficiários: 852098
PI - Valor total parcelas: 9.3796821E7, Beneficiários: 449697
TO - Valor total parcelas: 117670.0, Beneficiários: 790
RN - Valor total parcelas: 6.5341029E7, Beneficiários: 353736
RO - Valor total parcelas: 1.2118141E7, Beneficiários: 79434
BA - Valor total parcelas: 3.38579562E8, Beneficiários: 1821119

***************Fim - Resumo por UF***************

***************Início - Resumo por UF***************
RR - Valor total parcelas: 9834124.0, Beneficiários: 47497
RS - Valor total parcelas: 6.0279755E7, Beneficiários: 354490
PR - Valor total parcelas: 5.8999954E7, Beneficiários: 365991
DF - Valor total parcelas: 1.2013474E7, Beneficiários: 69504
SC - Valor total parcelas: 2.0459175E7, Beneficiários: 117985
SE - Valor total parcelas: 4.8884806E7, Beneficiários: 288139
MA - Valor total parcelas: 2.07647756E8, Beneficiários: 972903
MG - Valor total parcelas: 1.83706287E8, Beneficiários: 1029564
SP - Valor total parcelas: 1.84957494E8, Beneficiários: 1070957
CE - Valor total parcelas: 1.96867247E8, Beneficiários: 1055270
AC - Valor total parcelas: 2.3694601E7, Beneficiários: 89161
MS - Valor total parcelas: 2.2151085E7, Beneficiários: 124838
MT - Valor total parcelas: 2.5909348E7, Beneficiários: 156319
GO - Valor total parcelas: 4.6587782E7, Beneficiários: 298106
AL - Valor total parcelas: 7.8066841E7, Beneficiários: 406587
AM - Valor total parcelas: 9.2300219E7, Beneficiários: 403149
ES - Valor total parcelas: 3.0538232E7, Beneficiários: 177185
AP - Valor total parcelas: 1.6851337E7, Beneficiários: 76075
PA - Valor total parcelas: 1.92441296E8, Beneficiários: 961231
PB - Valor total parcelas: 1.0371451E8, Beneficiários: 517771
PE - Valor total parcelas: 2.11486438E8, Beneficiários: 1161552
RJ - Valor total parcelas: 1.54621541E8, Beneficiários: 852098
PI - Valor total parcelas: 9.3796821E7, Beneficiários: 449697
TO - Valor total parcelas: 117670.0, Beneficiários: 790
RN - Valor total parcelas: 6.5341029E7, Beneficiários: 353736
RO - Valor total parcelas: 1.2118141E7, Beneficiários: 79434
BA - Valor total parcelas: 3.38579562E8, Beneficiários: 1821119

***************Fim - Resumo por UF***************

***************Início - Resumo por UF***************
RR - Valor total parcelas: 9834124.0, Beneficiários: 47497
RS - Valor total parcelas: 6.0279755E7, Beneficiários: 354490
PR - Valor total parcelas: 5.8999954E7, Beneficiários: 365991
DF - Valor total parcelas: 1.2013474E7, Beneficiários: 69504
SC - Valor total parcelas: 2.0459175E7, Beneficiários: 117985
SE - Valor total parcelas: 4.8884806E7, Beneficiários: 288139
MA - Valor total parcelas: 2.07647756E8, Beneficiários: 972903
MG - Valor total parcelas: 1.83706287E8, Beneficiários: 1029564
SP - Valor total parcelas: 1.84957665E8, Beneficiários: 1070958
CE - Valor total parcelas: 1.96867247E8, Beneficiários: 1055270
AC - Valor total parcelas: 2.3694601E7, Beneficiários: 89161
MS - Valor total parcelas: 2.2151085E7, Beneficiários: 124838
MT - Valor total parcelas: 2.5909348E7, Beneficiários: 156319
GO - Valor total parcelas: 4.6587782E7, Beneficiários: 298106
AL - Valor total parcelas: 7.8066841E7, Beneficiários: 406587
AM - Valor total parcelas: 9.2300219E7, Beneficiários: 403149
ES - Valor total parcelas: 3.0538232E7, Beneficiários: 177185
AP - Valor total parcelas: 1.6851337E7, Beneficiários: 76075
PA - Valor total parcelas: 1.92441296E8, Beneficiários: 961231
PB - Valor total parcelas: 1.0371451E8, Beneficiários: 517771
PE - Valor total parcelas: 2.11486438E8, Beneficiários: 1161552
RJ - Valor total parcelas: 1.54621541E8, Beneficiários: 852098
PI - Valor total parcelas: 9.3796821E7, Beneficiários: 449697
TO - Valor total parcelas: 117670.0, Beneficiários: 790
RN - Valor total parcelas: 6.5341029E7, Beneficiários: 353736
RO - Valor total parcelas: 1.2118141E7, Beneficiários: 79434
BA - Valor total parcelas: 3.38579562E8, Beneficiários: 1821119

***************Fim - Resumo por UF***************

***************Início - Resumo por UF***************
RR - Valor total parcelas: 9834124.0, Beneficiários: 47497
RS - Valor total parcelas: 6.0279755E7, Beneficiários: 354490
PR - Valor total parcelas: 5.8999954E7, Beneficiários: 365991
DF - Valor total parcelas: 1.2013474E7, Beneficiários: 69504
SC - Valor total parcelas: 2.0459175E7, Beneficiários: 117985
SE - Valor total parcelas: 4.8884806E7, Beneficiários: 288139
MA - Valor total parcelas: 2.07647756E8, Beneficiários: 972903
MG - Valor total parcelas: 1.83706287E8, Beneficiários: 1029564
SP - Valor total parcelas: 1.84957706E8, Beneficiários: 1070959
CE - Valor total parcelas: 1.96867247E8, Beneficiários: 1055270
AC - Valor total parcelas: 2.3694601E7, Beneficiários: 89161
MS - Valor total parcelas: 2.2151085E7, Beneficiários: 124838
MT - Valor total parcelas: 2.5909348E7, Beneficiários: 156319
GO - Valor total parcelas: 4.6587782E7, Beneficiários: 298106
AL - Valor total parcelas: 7.8066841E7, Beneficiários: 406587
AM - Valor total parcelas: 9.2300219E7, Beneficiários: 403149
ES - Valor total parcelas: 3.0538232E7, Beneficiários: 177185
AP - Valor total parcelas: 1.6851337E7, Beneficiários: 76075
PA - Valor total parcelas: 1.92441296E8, Beneficiários: 961231
PB - Valor total parcelas: 1.0371451E8, Beneficiários: 517771
PE - Valor total parcelas: 2.11486438E8, Beneficiários: 1161552
RJ - Valor total parcelas: 1.54621541E8, Beneficiários: 852098
PI - Valor total parcelas: 9.3796821E7, Beneficiários: 449697
TO - Valor total parcelas: 117670.0, Beneficiários: 790
RN - Valor total parcelas: 6.5341029E7, Beneficiários: 353736
RO - Valor total parcelas: 1.2118141E7, Beneficiários: 79434
BA - Valor total parcelas: 3.38579562E8, Beneficiários: 1821119

***************Fim - Resumo por UF***************

***************Início - Resumo por UF***************
RR - Valor total parcelas: 9834124.0, Beneficiários: 47497
RS - Valor total parcelas: 6.0279755E7, Beneficiários: 354490
PR - Valor total parcelas: 5.8999954E7, Beneficiários: 365991
DF - Valor total parcelas: 1.2013474E7, Beneficiários: 69504
SC - Valor total parcelas: 2.0459175E7, Beneficiários: 117985
SE - Valor total parcelas: 4.8884806E7, Beneficiários: 288139
MA - Valor total parcelas: 2.07647756E8, Beneficiários: 972903
MG - Valor total parcelas: 1.83706287E8, Beneficiários: 1029564
SP - Valor total parcelas: 1.84957795E8, Beneficiários: 1070960
CE - Valor total parcelas: 1.96867247E8, Beneficiários: 1055270
AC - Valor total parcelas: 2.3694601E7, Beneficiários: 89161
MS - Valor total parcelas: 2.2151085E7, Beneficiários: 124838
MT - Valor total parcelas: 2.5909348E7, Beneficiários: 156319
GO - Valor total parcelas: 4.6587782E7, Beneficiários: 298106
AL - Valor total parcelas: 7.8066841E7, Beneficiários: 406587
AM - Valor total parcelas: 9.2300219E7, Beneficiários: 403149
ES - Valor total parcelas: 3.0538232E7, Beneficiários: 177185
AP - Valor total parcelas: 1.6851337E7, Beneficiários: 76075
PA - Valor total parcelas: 1.92441296E8, Beneficiários: 961231
PB - Valor total parcelas: 1.0371451E8, Beneficiários: 517771
PE - Valor total parcelas: 2.11486438E8, Beneficiários: 1161552
RJ - Valor total parcelas: 1.54621541E8, Beneficiários: 852098
PI - Valor total parcelas: 9.3796821E7, Beneficiários: 449697
TO - Valor total parcelas: 117670.0, Beneficiários: 790
RN - Valor total parcelas: 6.5341029E7, Beneficiários: 353736
RO - Valor total parcelas: 1.2118141E7, Beneficiários: 79434
BA - Valor total parcelas: 3.38579562E8, Beneficiários: 1821119

***************Fim - Resumo por UF***************

***************Início - Resumo por UF***************
RR - Valor total parcelas: 9834124.0, Beneficiários: 47497
RS - Valor total parcelas: 6.0279755E7, Beneficiários: 354490
PR - Valor total parcelas: 5.8999954E7, Beneficiários: 365991
DF - Valor total parcelas: 1.2013474E7, Beneficiários: 69504
SC - Valor total parcelas: 2.0459175E7, Beneficiários: 117985
SE - Valor total parcelas: 4.8884806E7, Beneficiários: 288139
MA - Valor total parcelas: 2.07647756E8, Beneficiários: 972903
MG - Valor total parcelas: 1.83706287E8, Beneficiários: 1029564
SP - Valor total parcelas: 1.84957966E8, Beneficiários: 1070961
CE - Valor total parcelas: 1.96867247E8, Beneficiários: 1055270
AC - Valor total parcelas: 2.3694601E7, Beneficiários: 89161
MS - Valor total parcelas: 2.2151085E7, Beneficiários: 124838
MT - Valor total parcelas: 2.5909348E7, Beneficiários: 156319
GO - Valor total parcelas: 4.6587782E7, Beneficiários: 298106
AL - Valor total parcelas: 7.8066841E7, Beneficiários: 406587
AM - Valor total parcelas: 9.2300219E7, Beneficiários: 403149
ES - Valor total parcelas: 3.0538232E7, Beneficiários: 177185
AP - Valor total parcelas: 1.6851337E7, Beneficiários: 76075
PA - Valor total parcelas: 1.92441296E8, Beneficiários: 961231
PB - Valor total parcelas: 1.0371451E8, Beneficiários: 517771
PE - Valor total parcelas: 2.11486438E8, Beneficiários: 1161552
RJ - Valor total parcelas: 1.54621541E8, Beneficiários: 852098
PI - Valor total parcelas: 9.3796821E7, Beneficiários: 449697
TO - Valor total parcelas: 117670.0, Beneficiários: 790
RN - Valor total parcelas: 6.5341029E7, Beneficiários: 353736
RO - Valor total parcelas: 1.2118141E7, Beneficiários: 79434
BA - Valor total parcelas: 3.38579562E8, Beneficiários: 1821119

***************Fim - Resumo por UF***************

***************Início - Resumo por UF***************
RR - Valor total parcelas: 9834124.0, Beneficiários: 47497
RS - Valor total parcelas: 6.0279755E7, Beneficiários: 354490
PR - Valor total parcelas: 5.8999954E7, Beneficiários: 365991
DF - Valor total parcelas: 1.2013474E7, Beneficiários: 69504
SC - Valor total parcelas: 2.0459175E7, Beneficiários: 117985
SE - Valor total parcelas: 4.8884806E7, Beneficiários: 288139
MA - Valor total parcelas: 2.07647756E8, Beneficiários: 972903
MG - Valor total parcelas: 1.83706287E8, Beneficiários: 1029564
SP - Valor total parcelas: 1.84958048E8, Beneficiários: 1070962
CE - Valor total parcelas: 1.96867247E8, Beneficiários: 1055270
AC - Valor total parcelas: 2.3694601E7, Beneficiários: 89161
MS - Valor total parcelas: 2.2151085E7, Beneficiários: 124838
MT - Valor total parcelas: 2.5909348E7, Beneficiários: 156319
GO - Valor total parcelas: 4.6587782E7, Beneficiários: 298106
AL - Valor total parcelas: 7.8066841E7, Beneficiários: 406587
AM - Valor total parcelas: 9.2300219E7, Beneficiários: 403149
ES - Valor total parcelas: 3.0538232E7, Beneficiários: 177185
AP - Valor total parcelas: 1.6851337E7, Beneficiários: 76075
PA - Valor total parcelas: 1.92441296E8, Beneficiários: 961231
PB - Valor total parcelas: 1.0371451E8, Beneficiários: 517771
PE - Valor total parcelas: 2.11486438E8, Beneficiários: 1161552
RJ - Valor total parcelas: 1.54621541E8, Beneficiários: 852098
PI - Valor total parcelas: 9.3796821E7, Beneficiários: 449697
TO - Valor total parcelas: 117670.0, Beneficiários: 790
RN - Valor total parcelas: 6.5341029E7, Beneficiários: 353736
RO - Valor total parcelas: 1.2118141E7, Beneficiários: 79434
BA - Valor total parcelas: 3.38579562E8, Beneficiários: 1821119

***************Fim - Resumo por UF***************

***************Início - Resumo por UF***************
RR - Valor total parcelas: 9834124.0, Beneficiários: 47497
RS - Valor total parcelas: 6.0279755E7, Beneficiários: 354490
PR - Valor total parcelas: 5.8999954E7, Beneficiários: 365991
DF - Valor total parcelas: 1.2013474E7, Beneficiários: 69504
SC - Valor total parcelas: 2.0459175E7, Beneficiários: 117985
SE - Valor total parcelas: 4.8884806E7, Beneficiários: 288139
MA - Valor total parcelas: 2.07647756E8, Beneficiários: 972903
MG - Valor total parcelas: 1.83706287E8, Beneficiários: 1029564
SP - Valor total parcelas: 1.84958137E8, Beneficiários: 1070963
CE - Valor total parcelas: 1.96867247E8, Beneficiários: 1055270
AC - Valor total parcelas: 2.3694601E7, Beneficiários: 89161
MS - Valor total parcelas: 2.2151085E7, Beneficiários: 124838
MT - Valor total parcelas: 2.5909348E7, Beneficiários: 156319
GO - Valor total parcelas: 4.6587782E7, Beneficiários: 298106
AL - Valor total parcelas: 7.8066841E7, Beneficiários: 406587
AM - Valor total parcelas: 9.2300219E7, Beneficiários: 403149
ES - Valor total parcelas: 3.0538232E7, Beneficiários: 177185
AP - Valor total parcelas: 1.6851337E7, Beneficiários: 76075
PA - Valor total parcelas: 1.92441296E8, Beneficiários: 961231
PB - Valor total parcelas: 1.0371451E8, Beneficiários: 517771
PE - Valor total parcelas: 2.11486438E8, Beneficiários: 1161552
RJ - Valor total parcelas: 1.54621541E8, Beneficiários: 852098
PI - Valor total parcelas: 9.3796821E7, Beneficiários: 449697
TO - Valor total parcelas: 117670.0, Beneficiários: 790
RN - Valor total parcelas: 6.5341029E7, Beneficiários: 353736
RO - Valor total parcelas: 1.2118141E7, Beneficiários: 79434
BA - Valor total parcelas: 3.38579562E8, Beneficiários: 1821119

***************Fim - Resumo por UF***************

***************Início - Resumo por UF***************
RR - Valor total parcelas: 9834124.0, Beneficiários: 47497
RS - Valor total parcelas: 6.0279755E7, Beneficiários: 354490
PR - Valor total parcelas: 5.8999954E7, Beneficiários: 365991
DF - Valor total parcelas: 1.2013474E7, Beneficiários: 69504
SC - Valor total parcelas: 2.0459175E7, Beneficiários: 117985
SE - Valor total parcelas: 4.8884806E7, Beneficiários: 288139
MA - Valor total parcelas: 2.07647756E8, Beneficiários: 972903
MG - Valor total parcelas: 1.83706287E8, Beneficiários: 1029564
SP - Valor total parcelas: 1.84958308E8, Beneficiários: 1070964
CE - Valor total parcelas: 1.96867247E8, Beneficiários: 1055270
AC - Valor total parcelas: 2.3694601E7, Beneficiários: 89161
MS - Valor total parcelas: 2.2151085E7, Beneficiários: 124838
MT - Valor total parcelas: 2.5909348E7, Beneficiários: 156319
GO - Valor total parcelas: 4.6587782E7, Beneficiários: 298106
AL - Valor total parcelas: 7.8066841E7, Beneficiários: 406587
AM - Valor total parcelas: 9.2300219E7, Beneficiários: 403149
ES - Valor total parcelas: 3.0538232E7, Beneficiários: 177185
AP - Valor total parcelas: 1.6851337E7, Beneficiários: 76075
PA - Valor total parcelas: 1.92441296E8, Beneficiários: 961231
PB - Valor total parcelas: 1.0371451E8, Beneficiários: 517771
PE - Valor total parcelas: 2.11486438E8, Beneficiários: 1161552
RJ - Valor total parcelas: 1.54621541E8, Beneficiários: 852098
PI - Valor total parcelas: 9.3796821E7, Beneficiários: 449697
TO - Valor total parcelas: 117670.0, Beneficiários: 790
RN - Valor total parcelas: 6.5341029E7, Beneficiários: 353736
RO - Valor total parcelas: 1.2118141E7, Beneficiários: 79434
BA - Valor total parcelas: 3.38579562E8, Beneficiários: 1821119

***************Fim - Resumo por UF***************

***************Início - Resumo por UF***************
RR - Valor total parcelas: 9834124.0, Beneficiários: 47497
RS - Valor total parcelas: 6.0279755E7, Beneficiários: 354490
PR - Valor total parcelas: 5.8999954E7, Beneficiários: 365991
DF - Valor total parcelas: 1.2013474E7, Beneficiários: 69504
SC - Valor total parcelas: 2.0459175E7, Beneficiários: 117985
SE - Valor total parcelas: 4.8884806E7, Beneficiários: 288139
MA - Valor total parcelas: 2.07647756E8, Beneficiários: 972903
MG - Valor total parcelas: 1.83706287E8, Beneficiários: 1029564
SP - Valor total parcelas: 1.84958399E8, Beneficiários: 1070965
CE - Valor total parcelas: 1.96867247E8, Beneficiários: 1055270
AC - Valor total parcelas: 2.3694601E7, Beneficiários: 89161
MS - Valor total parcelas: 2.2151085E7, Beneficiários: 124838
MT - Valor total parcelas: 2.5909348E7, Beneficiários: 156319
GO - Valor total parcelas: 4.6587782E7, Beneficiários: 298106
AL - Valor total parcelas: 7.8066841E7, Beneficiários: 406587
AM - Valor total parcelas: 9.2300219E7, Beneficiários: 403149
ES - Valor total parcelas: 3.0538232E7, Beneficiários: 177185
AP - Valor total parcelas: 1.6851337E7, Beneficiários: 76075
PA - Valor total parcelas: 1.92441296E8, Beneficiários: 961231
PB - Valor total parcelas: 1.0371451E8, Beneficiários: 517771
PE - Valor total parcelas: 2.11486438E8, Beneficiários: 1161552
RJ - Valor total parcelas: 1.54621541E8, Beneficiários: 852098
PI - Valor total parcelas: 9.3796821E7, Beneficiários: 449697
TO - Valor total parcelas: 117670.0, Beneficiários: 790
RN - Valor total parcelas: 6.5341029E7, Beneficiários: 353736
RO - Valor total parcelas: 1.2118141E7, Beneficiários: 79434
BA - Valor total parcelas: 3.38579562E8, Beneficiários: 1821119

***************Fim - Resumo por UF***************

***************Início - Resumo por UF***************
RR - Valor total parcelas: 9834124.0, Beneficiários: 47497
RS - Valor total parcelas: 6.0279755E7, Beneficiários: 354490
PR - Valor total parcelas: 5.8999954E7, Beneficiários: 365991
DF - Valor total parcelas: 1.2013474E7, Beneficiários: 69504
SC - Valor total parcelas: 2.0459175E7, Beneficiários: 117985
SE - Valor total parcelas: 4.8884806E7, Beneficiários: 288139
MA - Valor total parcelas: 2.07647756E8, Beneficiários: 972903
MG - Valor total parcelas: 1.83706287E8, Beneficiários: 1029564
SP - Valor total parcelas: 1.84958693E8, Beneficiários: 1070966
CE - Valor total parcelas: 1.96867247E8, Beneficiários: 1055270
AC - Valor total parcelas: 2.3694601E7, Beneficiários: 89161
MS - Valor total parcelas: 2.2151085E7, Beneficiários: 124838
MT - Valor total parcelas: 2.5909348E7, Beneficiários: 156319
GO - Valor total parcelas: 4.6587782E7, Beneficiários: 298106
AL - Valor total parcelas: 7.8066841E7, Beneficiários: 406587
AM - Valor total parcelas: 9.2300219E7, Beneficiários: 403149
ES - Valor total parcelas: 3.0538232E7, Beneficiários: 177185
AP - Valor total parcelas: 1.6851337E7, Beneficiários: 76075
PA - Valor total parcelas: 1.92441296E8, Beneficiários: 961231
PB - Valor total parcelas: 1.0371451E8, Beneficiários: 517771
PE - Valor total parcelas: 2.11486438E8, Beneficiários: 1161552
RJ - Valor total parcelas: 1.54621541E8, Beneficiários: 852098
PI - Valor total parcelas: 9.3796821E7, Beneficiários: 449697
TO - Valor total parcelas: 117670.0, Beneficiários: 790
RN - Valor total parcelas: 6.5341029E7, Beneficiários: 353736
RO - Valor total parcelas: 1.2118141E7, Beneficiários: 79434
BA - Valor total parcelas: 3.38579562E8, Beneficiários: 1821119

***************Fim - Resumo por UF***************

***************Início - Resumo por UF***************
RR - Valor total parcelas: 9834124.0, Beneficiários: 47497
RS - Valor total parcelas: 6.0279755E7, Beneficiários: 354490
PR - Valor total parcelas: 5.8999954E7, Beneficiários: 365991
DF - Valor total parcelas: 1.2013474E7, Beneficiários: 69504
SC - Valor total parcelas: 2.0459175E7, Beneficiários: 117985
SE - Valor total parcelas: 4.8884806E7, Beneficiários: 288139
MA - Valor total parcelas: 2.07647756E8, Beneficiários: 972903
MG - Valor total parcelas: 1.83706287E8, Beneficiários: 1029564
SP - Valor total parcelas: 1.84959014E8, Beneficiários: 1070967
CE - Valor total parcelas: 1.96867247E8, Beneficiários: 1055270
AC - Valor total parcelas: 2.3694601E7, Beneficiários: 89161
MS - Valor total parcelas: 2.2151085E7, Beneficiários: 124838
MT - Valor total parcelas: 2.5909348E7, Beneficiários: 156319
GO - Valor total parcelas: 4.6587782E7, Beneficiários: 298106
AL - Valor total parcelas: 7.8066841E7, Beneficiários: 406587
AM - Valor total parcelas: 9.2300219E7, Beneficiários: 403149
ES - Valor total parcelas: 3.0538232E7, Beneficiários: 177185
AP - Valor total parcelas: 1.6851337E7, Beneficiários: 76075
PA - Valor total parcelas: 1.92441296E8, Beneficiários: 961231
PB - Valor total parcelas: 1.0371451E8, Beneficiários: 517771
PE - Valor total parcelas: 2.11486438E8, Beneficiários: 1161552
RJ - Valor total parcelas: 1.54621541E8, Beneficiários: 852098
PI - Valor total parcelas: 9.3796821E7, Beneficiários: 449697
TO - Valor total parcelas: 117670.0, Beneficiários: 790
RN - Valor total parcelas: 6.5341029E7, Beneficiários: 353736
RO - Valor total parcelas: 1.2118141E7, Beneficiários: 79434
BA - Valor total parcelas: 3.38579562E8, Beneficiários: 1821119

***************Fim - Resumo por UF***************

***************Início - Resumo por UF***************
RR - Valor total parcelas: 9834124.0, Beneficiários: 47497
RS - Valor total parcelas: 6.0279755E7, Beneficiários: 354490
PR - Valor total parcelas: 5.8999954E7, Beneficiários: 365991
DF - Valor total parcelas: 1.2013474E7, Beneficiários: 69504
SC - Valor total parcelas: 2.0459175E7, Beneficiários: 117985
SE - Valor total parcelas: 4.8884806E7, Beneficiários: 288139
MA - Valor total parcelas: 2.07647756E8, Beneficiários: 972903
MG - Valor total parcelas: 1.83706287E8, Beneficiários: 1029564
SP - Valor total parcelas: 1.84959096E8, Beneficiários: 1070968
CE - Valor total parcelas: 1.96867247E8, Beneficiários: 1055270
AC - Valor total parcelas: 2.3694601E7, Beneficiários: 89161
MS - Valor total parcelas: 2.2151085E7, Beneficiários: 124838
MT - Valor total parcelas: 2.5909348E7, Beneficiários: 156319
GO - Valor total parcelas: 4.6587782E7, Beneficiários: 298106
AL - Valor total parcelas: 7.8066841E7, Beneficiários: 406587
AM - Valor total parcelas: 9.2300219E7, Beneficiários: 403149
ES - Valor total parcelas: 3.0538232E7, Beneficiários: 177185
AP - Valor total parcelas: 1.6851337E7, Beneficiários: 76075
PA - Valor total parcelas: 1.92441296E8, Beneficiários: 961231
PB - Valor total parcelas: 1.0371451E8, Beneficiários: 517771
PE - Valor total parcelas: 2.11486438E8, Beneficiários: 1161552
RJ - Valor total parcelas: 1.54621541E8, Beneficiários: 852098
PI - Valor total parcelas: 9.3796821E7, Beneficiários: 449697
TO - Valor total parcelas: 117670.0, Beneficiários: 790
RN - Valor total parcelas: 6.5341029E7, Beneficiários: 353736
RO - Valor total parcelas: 1.2118141E7, Beneficiários: 79434
BA - Valor total parcelas: 3.38579562E8, Beneficiários: 1821119

***************Fim - Resumo por UF***************

***************Início - Resumo por UF***************
RR - Valor total parcelas: 9834124.0, Beneficiários: 47497
RS - Valor total parcelas: 6.0279755E7, Beneficiários: 354490
PR - Valor total parcelas: 5.8999954E7, Beneficiários: 365991
DF - Valor total parcelas: 1.2013474E7, Beneficiários: 69504
SC - Valor total parcelas: 2.0459175E7, Beneficiários: 117985
SE - Valor total parcelas: 4.8884806E7, Beneficiários: 288139
MA - Valor total parcelas: 2.07647756E8, Beneficiários: 972903
MG - Valor total parcelas: 1.83706287E8, Beneficiários: 1029564
SP - Valor total parcelas: 1.84959275E8, Beneficiários: 1070969
CE - Valor total parcelas: 1.96867247E8, Beneficiários: 1055270
AC - Valor total parcelas: 2.3694601E7, Beneficiários: 89161
MS - Valor total parcelas: 2.2151085E7, Beneficiários: 124838
MT - Valor total parcelas: 2.5909348E7, Beneficiários: 156319
GO - Valor total parcelas: 4.6587782E7, Beneficiários: 298106
AL - Valor total parcelas: 7.8066841E7, Beneficiários: 406587
AM - Valor total parcelas: 9.2300219E7, Beneficiários: 403149
ES - Valor total parcelas: 3.0538232E7, Beneficiários: 177185
AP - Valor total parcelas: 1.6851337E7, Beneficiários: 76075
PA - Valor total parcelas: 1.92441296E8, Beneficiários: 961231
PB - Valor total parcelas: 1.0371451E8, Beneficiários: 517771
PE - Valor total parcelas: 2.11486438E8, Beneficiários: 1161552
RJ - Valor total parcelas: 1.54621541E8, Beneficiários: 852098
PI - Valor total parcelas: 9.3796821E7, Beneficiários: 449697
TO - Valor total parcelas: 117670.0, Beneficiários: 790
RN - Valor total parcelas: 6.5341029E7, Beneficiários: 353736
RO - Valor total parcelas: 1.2118141E7, Beneficiários: 79434
BA - Valor total parcelas: 3.38579562E8, Beneficiários: 1821119

***************Fim - Resumo por UF***************

***************Início - Resumo por UF***************
RR - Valor total parcelas: 9834124.0, Beneficiários: 47497
RS - Valor total parcelas: 6.0279755E7, Beneficiários: 354490
PR - Valor total parcelas: 5.8999954E7, Beneficiários: 365991
DF - Valor total parcelas: 1.2013474E7, Beneficiários: 69504
SC - Valor total parcelas: 2.0459175E7, Beneficiários: 117985
SE - Valor total parcelas: 4.8884806E7, Beneficiários: 288139
MA - Valor total parcelas: 2.07647756E8, Beneficiários: 972903
MG - Valor total parcelas: 1.83706287E8, Beneficiários: 1029564
SP - Valor total parcelas: 1.84959357E8, Beneficiários: 1070970
CE - Valor total parcelas: 1.96867247E8, Beneficiários: 1055270
AC - Valor total parcelas: 2.3694601E7, Beneficiários: 89161
MS - Valor total parcelas: 2.2151085E7, Beneficiários: 124838
MT - Valor total parcelas: 2.5909348E7, Beneficiários: 156319
GO - Valor total parcelas: 4.6587782E7, Beneficiários: 298106
AL - Valor total parcelas: 7.8066841E7, Beneficiários: 406587
AM - Valor total parcelas: 9.2300219E7, Beneficiários: 403149
ES - Valor total parcelas: 3.0538232E7, Beneficiários: 177185
AP - Valor total parcelas: 1.6851337E7, Beneficiários: 76075
PA - Valor total parcelas: 1.92441296E8, Beneficiários: 961231
PB - Valor total parcelas: 1.0371451E8, Beneficiários: 517771
PE - Valor total parcelas: 2.11486438E8, Beneficiários: 1161552
RJ - Valor total parcelas: 1.54621541E8, Beneficiários: 852098
PI - Valor total parcelas: 9.3796821E7, Beneficiários: 449697
TO - Valor total parcelas: 117670.0, Beneficiários: 790
RN - Valor total parcelas: 6.5341029E7, Beneficiários: 353736
RO - Valor total parcelas: 1.2118141E7, Beneficiários: 79434
BA - Valor total parcelas: 3.38579562E8, Beneficiários: 1821119

***************Fim - Resumo por UF***************

***************Início - Resumo por UF***************
RR - Valor total parcelas: 9834124.0, Beneficiários: 47497
RS - Valor total parcelas: 6.0279755E7, Beneficiários: 354490
PR - Valor total parcelas: 5.8999954E7, Beneficiários: 365991
DF - Valor total parcelas: 1.2013474E7, Beneficiários: 69504
SC - Valor total parcelas: 2.0459175E7, Beneficiários: 117985
SE - Valor total parcelas: 4.8884806E7, Beneficiários: 288139
MA - Valor total parcelas: 2.07647756E8, Beneficiários: 972903
MG - Valor total parcelas: 1.83706287E8, Beneficiários: 1029564
SP - Valor total parcelas: 1.84959487E8, Beneficiários: 1070971
CE - Valor total parcelas: 1.96867247E8, Beneficiários: 1055270
AC - Valor total parcelas: 2.3694601E7, Beneficiários: 89161
MS - Valor total parcelas: 2.2151085E7, Beneficiários: 124838
MT - Valor total parcelas: 2.5909348E7, Beneficiários: 156319
GO - Valor total parcelas: 4.6587782E7, Beneficiários: 298106
AL - Valor total parcelas: 7.8066841E7, Beneficiários: 406587
AM - Valor total parcelas: 9.2300219E7, Beneficiários: 403149
ES - Valor total parcelas: 3.0538232E7, Beneficiários: 177185
AP - Valor total parcelas: 1.6851337E7, Beneficiários: 76075
PA - Valor total parcelas: 1.92441296E8, Beneficiários: 961231
PB - Valor total parcelas: 1.0371451E8, Beneficiários: 517771
PE - Valor total parcelas: 2.11486438E8, Beneficiários: 1161552
RJ - Valor total parcelas: 1.54621541E8, Beneficiários: 852098
PI - Valor total parcelas: 9.3796821E7, Beneficiários: 449697
TO - Valor total parcelas: 117670.0, Beneficiários: 790
RN - Valor total parcelas: 6.5341029E7, Beneficiários: 353736
RO - Valor total parcelas: 1.2118141E7, Beneficiários: 79434
BA - Valor total parcelas: 3.38579562E8, Beneficiários: 1821119

***************Fim - Resumo por UF***************

***************Início - Resumo por UF***************
RR - Valor total parcelas: 9834124.0, Beneficiários: 47497
RS - Valor total parcelas: 6.0279755E7, Beneficiários: 354490
PR - Valor total parcelas: 5.8999954E7, Beneficiários: 365991
DF - Valor total parcelas: 1.2013474E7, Beneficiários: 69504
SC - Valor total parcelas: 2.0459175E7, Beneficiários: 117985
SE - Valor total parcelas: 4.8884806E7, Beneficiários: 288139
MA - Valor total parcelas: 2.07647756E8, Beneficiários: 972903
MG - Valor total parcelas: 1.83706287E8, Beneficiários: 1029564
SP - Valor total parcelas: 1.84959658E8, Beneficiários: 1070972
CE - Valor total parcelas: 1.96867247E8, Beneficiários: 1055270
AC - Valor total parcelas: 2.3694601E7, Beneficiários: 89161
MS - Valor total parcelas: 2.2151085E7, Beneficiários: 124838
MT - Valor total parcelas: 2.5909348E7, Beneficiários: 156319
GO - Valor total parcelas: 4.6587782E7, Beneficiários: 298106
AL - Valor total parcelas: 7.8066841E7, Beneficiários: 406587
AM - Valor total parcelas: 9.2300219E7, Beneficiários: 403149
ES - Valor total parcelas: 3.0538232E7, Beneficiários: 177185
AP - Valor total parcelas: 1.6851337E7, Beneficiários: 76075
PA - Valor total parcelas: 1.92441296E8, Beneficiários: 961231
PB - Valor total parcelas: 1.0371451E8, Beneficiários: 517771
PE - Valor total parcelas: 2.11486438E8, Beneficiários: 1161552
RJ - Valor total parcelas: 1.54621541E8, Beneficiários: 852098
PI - Valor total parcelas: 9.3796821E7, Beneficiários: 449697
TO - Valor total parcelas: 117670.0, Beneficiários: 790
RN - Valor total parcelas: 6.5341029E7, Beneficiários: 353736
RO - Valor total parcelas: 1.2118141E7, Beneficiários: 79434
BA - Valor total parcelas: 3.38579562E8, Beneficiários: 1821119

***************Fim - Resumo por UF***************

***************Início - Resumo por UF***************
RR - Valor total parcelas: 9834124.0, Beneficiários: 47497
RS - Valor total parcelas: 6.0279755E7, Beneficiários: 354490
PR - Valor total parcelas: 5.8999954E7, Beneficiários: 365991
DF - Valor total parcelas: 1.2013474E7, Beneficiários: 69504
SC - Valor total parcelas: 2.0459175E7, Beneficiários: 117985
SE - Valor total parcelas: 4.8884806E7, Beneficiários: 288139
MA - Valor total parcelas: 2.07647756E8, Beneficiários: 972903
MG - Valor total parcelas: 1.83706287E8, Beneficiários: 1029564
SP - Valor total parcelas: 1.84959749E8, Beneficiários: 1070973
CE - Valor total parcelas: 1.96867247E8, Beneficiários: 1055270
AC - Valor total parcelas: 2.3694601E7, Beneficiários: 89161
MS - Valor total parcelas: 2.2151085E7, Beneficiários: 124838
MT - Valor total parcelas: 2.5909348E7, Beneficiários: 156319
GO - Valor total parcelas: 4.6587782E7, Beneficiários: 298106
AL - Valor total parcelas: 7.8066841E7, Beneficiários: 406587
AM - Valor total parcelas: 9.2300219E7, Beneficiários: 403149
ES - Valor total parcelas: 3.0538232E7, Beneficiários: 177185
AP - Valor total parcelas: 1.6851337E7, Beneficiários: 76075
PA - Valor total parcelas: 1.92441296E8, Beneficiários: 961231
PB - Valor total parcelas: 1.0371451E8, Beneficiários: 517771
PE - Valor total parcelas: 2.11486438E8, Beneficiários: 1161552
RJ - Valor total parcelas: 1.54621541E8, Beneficiários: 852098
PI - Valor total parcelas: 9.3796821E7, Beneficiários: 449697
TO - Valor total parcelas: 117670.0, Beneficiários: 790
RN - Valor total parcelas: 6.5341029E7, Beneficiários: 353736
RO - Valor total parcelas: 1.2118141E7, Beneficiários: 79434
BA - Valor total parcelas: 3.38579562E8, Beneficiários: 1821119

***************Fim - Resumo por UF***************

***************Início - Resumo por UF***************
RR - Valor total parcelas: 9834124.0, Beneficiários: 47497
RS - Valor total parcelas: 6.0279755E7, Beneficiários: 354490
PR - Valor total parcelas: 5.8999954E7, Beneficiários: 365991
DF - Valor total parcelas: 1.2013474E7, Beneficiários: 69504
SC - Valor total parcelas: 2.0459175E7, Beneficiários: 117985
SE - Valor total parcelas: 4.8884806E7, Beneficiários: 288139
MA - Valor total parcelas: 2.07647756E8, Beneficiários: 972903
MG - Valor total parcelas: 1.83706287E8, Beneficiários: 1029564
SP - Valor total parcelas: 1.84959838E8, Beneficiários: 1070974
CE - Valor total parcelas: 1.96867247E8, Beneficiários: 1055270
AC - Valor total parcelas: 2.3694601E7, Beneficiários: 89161
MS - Valor total parcelas: 2.2151085E7, Beneficiários: 124838
MT - Valor total parcelas: 2.5909348E7, Beneficiários: 156319
GO - Valor total parcelas: 4.6587782E7, Beneficiários: 298106
AL - Valor total parcelas: 7.8066841E7, Beneficiários: 406587
AM - Valor total parcelas: 9.2300219E7, Beneficiários: 403149
ES - Valor total parcelas: 3.0538232E7, Beneficiários: 177185
AP - Valor total parcelas: 1.6851337E7, Beneficiários: 76075
PA - Valor total parcelas: 1.92441296E8, Beneficiários: 961231
PB - Valor total parcelas: 1.0371451E8, Beneficiários: 517771
PE - Valor total parcelas: 2.11486438E8, Beneficiários: 1161552
RJ - Valor total parcelas: 1.54621541E8, Beneficiários: 852098
PI - Valor total parcelas: 9.3796821E7, Beneficiários: 449697
TO - Valor total parcelas: 117670.0, Beneficiários: 790
RN - Valor total parcelas: 6.5341029E7, Beneficiários: 353736
RO - Valor total parcelas: 1.2118141E7, Beneficiários: 79434
BA - Valor total parcelas: 3.38579562E8, Beneficiários: 1821119

***************Fim - Resumo por UF***************

***************Início - Resumo por UF***************
RR - Valor total parcelas: 9834124.0, Beneficiários: 47497
RS - Valor total parcelas: 6.0279755E7, Beneficiários: 354490
PR - Valor total parcelas: 5.8999954E7, Beneficiários: 365991
DF - Valor total parcelas: 1.2013474E7, Beneficiários: 69504
SC - Valor total parcelas: 2.0459175E7, Beneficiários: 117985
SE - Valor total parcelas: 4.8884806E7, Beneficiários: 288139
MA - Valor total parcelas: 2.07647756E8, Beneficiários: 972903
MG - Valor total parcelas: 1.83706287E8, Beneficiários: 1029564
SP - Valor total parcelas: 1.84959927E8, Beneficiários: 1070975
CE - Valor total parcelas: 1.96867247E8, Beneficiários: 1055270
AC - Valor total parcelas: 2.3694601E7, Beneficiários: 89161
MS - Valor total parcelas: 2.2151085E7, Beneficiários: 124838
MT - Valor total parcelas: 2.5909348E7, Beneficiários: 156319
GO - Valor total parcelas: 4.6587782E7, Beneficiários: 298106
AL - Valor total parcelas: 7.8066841E7, Beneficiários: 406587
AM - Valor total parcelas: 9.2300219E7, Beneficiários: 403149
ES - Valor total parcelas: 3.0538232E7, Beneficiários: 177185
AP - Valor total parcelas: 1.6851337E7, Beneficiários: 76075
PA - Valor total parcelas: 1.92441296E8, Beneficiários: 961231
PB - Valor total parcelas: 1.0371451E8, Beneficiários: 517771
PE - Valor total parcelas: 2.11486438E8, Beneficiários: 1161552
RJ - Valor total parcelas: 1.54621541E8, Beneficiários: 852098
PI - Valor total parcelas: 9.3796821E7, Beneficiários: 449697
TO - Valor total parcelas: 117670.0, Beneficiários: 790
RN - Valor total parcelas: 6.5341029E7, Beneficiários: 353736
RO - Valor total parcelas: 1.2118141E7, Beneficiários: 79434
BA - Valor total parcelas: 3.38579562E8, Beneficiários: 1821119

***************Fim - Resumo por UF***************

***************Início - Resumo por UF***************
RR - Valor total parcelas: 9834124.0, Beneficiários: 47497
RS - Valor total parcelas: 6.0279755E7, Beneficiários: 354490
PR - Valor total parcelas: 5.8999954E7, Beneficiários: 365991
DF - Valor total parcelas: 1.2013474E7, Beneficiários: 69504
SC - Valor total parcelas: 2.0459175E7, Beneficiários: 117985
SE - Valor total parcelas: 4.8884806E7, Beneficiários: 288139
MA - Valor total parcelas: 2.07647756E8, Beneficiários: 972903
MG - Valor total parcelas: 1.83706287E8, Beneficiários: 1029564
SP - Valor total parcelas: 1.84960016E8, Beneficiários: 1070976
CE - Valor total parcelas: 1.96867247E8, Beneficiários: 1055270
AC - Valor total parcelas: 2.3694601E7, Beneficiários: 89161
MS - Valor total parcelas: 2.2151085E7, Beneficiários: 124838
MT - Valor total parcelas: 2.5909348E7, Beneficiários: 156319
GO - Valor total parcelas: 4.6587782E7, Beneficiários: 298106
AL - Valor total parcelas: 7.8066841E7, Beneficiários: 406587
AM - Valor total parcelas: 9.2300219E7, Beneficiários: 403149
ES - Valor total parcelas: 3.0538232E7, Beneficiários: 177185
AP - Valor total parcelas: 1.6851337E7, Beneficiários: 76075
PA - Valor total parcelas: 1.92441296E8, Beneficiários: 961231
PB - Valor total parcelas: 1.0371451E8, Beneficiários: 517771
PE - Valor total parcelas: 2.11486438E8, Beneficiários: 1161552
RJ - Valor total parcelas: 1.54621541E8, Beneficiários: 852098
PI - Valor total parcelas: 9.3796821E7, Beneficiários: 449697
TO - Valor total parcelas: 117670.0, Beneficiários: 790
RN - Valor total parcelas: 6.5341029E7, Beneficiários: 353736
RO - Valor total parcelas: 1.2118141E7, Beneficiários: 79434
BA - Valor total parcelas: 3.38579562E8, Beneficiários: 1821119

***************Fim - Resumo por UF***************